<?xml version="1.0" encoding="UTF-8"?>
<robot generator="Robot 5.0.1 (Python 3.8.10 on linux)" generated="20221206 12:53:19.979" rpa="false" schemaversion="3">
<suite id="s1" name="SU7" source="/home/farah/Desktop/DRC-QualityAssurance/TS1-Signup/TC7/SU7.robot">
<test id="s1-t1" name="Navigate To Syntrade Signup Page" line="12">
<kw name="Open Browser" library="SeleniumLibrary">
<arg>https://app.syntrade.xyz/signup</arg>
<arg>chrome</arg>
<doc>Opens a new browser instance to the optional ``url``.</doc>
<msg timestamp="20221206 12:53:20.100" level="INFO">Opening browser 'chrome' to base url 'https://app.syntrade.xyz/signup'.</msg>
<status status="PASS" starttime="20221206 12:53:20.099" endtime="20221206 12:54:36.363"/>
</kw>
<kw name="Maximize Browser Window" library="SeleniumLibrary">
<doc>Maximizes current browser window.</doc>
<status status="PASS" starttime="20221206 12:54:36.364" endtime="20221206 12:54:36.471"/>
</kw>
<kw name="Wait Until Page Contains Element" library="SeleniumLibrary">
<arg>//*[@id="signup_form"]</arg>
<arg>10</arg>
<doc>Waits until the element ``locator`` appears on the current page.</doc>
<msg timestamp="20221206 12:54:42.155" level="WARN">Keyword 'Capture Page Screenshot' could not be run on failure: Message: chrome not reachable
  (Session info: chrome=105.0.5195.125)
Stacktrace:
#0 0x557269377693 &lt;unknown&gt;
#1 0x5572691709db &lt;unknown&gt;
#2 0x557269160904 &lt;unknown&gt;
#3 0x557269151301 &lt;unknown&gt;
#4 0x55726915608d &lt;unknown&gt;
#5 0x55726915b2b6 &lt;unknown&gt;
#6 0x557269172072 &lt;unknown&gt;
#7 0x5572691d9ad8 &lt;unknown&gt;
#8 0x5572691c6743 &lt;unknown&gt;
#9 0x55726919c533 &lt;unknown&gt;
#10 0x55726919d715 &lt;unknown&gt;
#11 0x5572693c77bd &lt;unknown&gt;
#12 0x5572693cabf9 &lt;unknown&gt;
#13 0x5572693acf2e &lt;unknown&gt;
#14 0x5572693cb9b3 &lt;unknown&gt;
#15 0x5572693a0e4f &lt;unknown&gt;
#16 0x5572693eaea8 &lt;unknown&gt;
#17 0x5572693eb052 &lt;unknown&gt;
#18 0x55726940571f &lt;unknown&gt;
#19 0x7f5875980609 &lt;unknown&gt;
</msg>
<msg timestamp="20221206 12:54:42.157" level="FAIL">WebDriverException: Message: chrome not reachable
  (Session info: chrome=105.0.5195.125)
Stacktrace:
#0 0x557269377693 &lt;unknown&gt;
#1 0x5572691709db &lt;unknown&gt;
#2 0x557269160904 &lt;unknown&gt;
#3 0x557269151301 &lt;unknown&gt;
#4 0x55726915608d &lt;unknown&gt;
#5 0x55726915b2b6 &lt;unknown&gt;
#6 0x557269172072 &lt;unknown&gt;
#7 0x5572691d9ad8 &lt;unknown&gt;
#8 0x5572691c6743 &lt;unknown&gt;
#9 0x55726919c533 &lt;unknown&gt;
#10 0x55726919d715 &lt;unknown&gt;
#11 0x5572693c77bd &lt;unknown&gt;
#12 0x5572693cabf9 &lt;unknown&gt;
#13 0x5572693acf2e &lt;unknown&gt;
#14 0x5572693cb9b3 &lt;unknown&gt;
#15 0x5572693a0e4f &lt;unknown&gt;
#16 0x5572693eaea8 &lt;unknown&gt;
#17 0x5572693eb052 &lt;unknown&gt;
#18 0x55726940571f &lt;unknown&gt;
#19 0x7f5875980609 &lt;unknown&gt;
</msg>
<status status="FAIL" starttime="20221206 12:54:36.471" endtime="20221206 12:54:42.159"/>
</kw>
<status status="FAIL" starttime="20221206 12:53:20.098" endtime="20221206 12:54:42.162">WebDriverException: Message: chrome not reachable
  (Session info: chrome=105.0.5195.125)
Stacktrace:
#0 0x557269377693 &lt;unknown&gt;
#1 0x5572691709db &lt;unknown&gt;
#2 0x557269160904 &lt;unknown&gt;
#3 0x557269151301 &lt;unknown&gt;
#4 0x55726915608d &lt;unknown&gt;
#5 0x55726915b2b6 &lt;unknown&gt;
#6 0x557269172072 &lt;unknown&gt;
#7 0x5572691d9ad8 &lt;unknown&gt;
#8 0x5572691c6743 &lt;unknown&gt;
#9 0x55726919c533 &lt;unknown&gt;
#10 0x55726919d715 &lt;unknown&gt;
#11 0x5572693c77bd &lt;unknown&gt;
#12 0x5572693cabf9 &lt;unknown&gt;
#13 0x5572693acf2e &lt;unknown&gt;
#14 0x5572693cb9b3 &lt;unknown&gt;
#15 0x5572693a0e4f &lt;unknown&gt;
#16 0x5572693eaea8 &lt;unknown&gt;
#17 0x5572693eb052 &lt;unknown&gt;
#18 0x55726940571f &lt;unknown&gt;
#19 0x7f5875980609 &lt;unknown&gt;
</status>
</test>
<test id="s1-t2" name="Input A Valid Email" line="17">
<kw name="Input Text" library="SeleniumLibrary">
<arg>email</arg>
<arg>testingqa@gmail.com</arg>
<doc>Types the given ``text`` into the text field identified by ``locator``.</doc>
<msg timestamp="20221206 12:54:42.166" level="INFO">Typing text 'testingqa@gmail.com' into text field 'email'.</msg>
<msg timestamp="20221206 12:54:42.176" level="WARN">Keyword 'Capture Page Screenshot' could not be run on failure: Message: chrome not reachable
  (Session info: chrome=105.0.5195.125)
Stacktrace:
#0 0x557269377693 &lt;unknown&gt;
#1 0x5572691709db &lt;unknown&gt;
#2 0x557269160904 &lt;unknown&gt;
#3 0x557269151301 &lt;unknown&gt;
#4 0x55726915608d &lt;unknown&gt;
#5 0x55726915b2b6 &lt;unknown&gt;
#6 0x557269172072 &lt;unknown&gt;
#7 0x5572691d9ad8 &lt;unknown&gt;
#8 0x5572691c6743 &lt;unknown&gt;
#9 0x55726919c533 &lt;unknown&gt;
#10 0x55726919d715 &lt;unknown&gt;
#11 0x5572693c77bd &lt;unknown&gt;
#12 0x5572693cabf9 &lt;unknown&gt;
#13 0x5572693acf2e &lt;unknown&gt;
#14 0x5572693cb9b3 &lt;unknown&gt;
#15 0x5572693a0e4f &lt;unknown&gt;
#16 0x5572693eaea8 &lt;unknown&gt;
#17 0x5572693eb052 &lt;unknown&gt;
#18 0x55726940571f &lt;unknown&gt;
#19 0x7f5875980609 &lt;unknown&gt;
</msg>
<msg timestamp="20221206 12:54:42.177" level="FAIL">WebDriverException: Message: chrome not reachable
  (Session info: chrome=105.0.5195.125)
Stacktrace:
#0 0x557269377693 &lt;unknown&gt;
#1 0x5572691709db &lt;unknown&gt;
#2 0x557269160904 &lt;unknown&gt;
#3 0x557269151301 &lt;unknown&gt;
#4 0x55726915608d &lt;unknown&gt;
#5 0x55726915b2b6 &lt;unknown&gt;
#6 0x557269172072 &lt;unknown&gt;
#7 0x5572691d9ad8 &lt;unknown&gt;
#8 0x5572691c6743 &lt;unknown&gt;
#9 0x55726919c533 &lt;unknown&gt;
#10 0x55726919d715 &lt;unknown&gt;
#11 0x5572693c77bd &lt;unknown&gt;
#12 0x5572693cabf9 &lt;unknown&gt;
#13 0x5572693acf2e &lt;unknown&gt;
#14 0x5572693cb9b3 &lt;unknown&gt;
#15 0x5572693a0e4f &lt;unknown&gt;
#16 0x5572693eaea8 &lt;unknown&gt;
#17 0x5572693eb052 &lt;unknown&gt;
#18 0x55726940571f &lt;unknown&gt;
#19 0x7f5875980609 &lt;unknown&gt;
</msg>
<status status="FAIL" starttime="20221206 12:54:42.165" endtime="20221206 12:54:42.178"/>
</kw>
<status status="FAIL" starttime="20221206 12:54:42.164" endtime="20221206 12:54:42.179">WebDriverException: Message: chrome not reachable
  (Session info: chrome=105.0.5195.125)
Stacktrace:
#0 0x557269377693 &lt;unknown&gt;
#1 0x5572691709db &lt;unknown&gt;
#2 0x557269160904 &lt;unknown&gt;
#3 0x557269151301 &lt;unknown&gt;
#4 0x55726915608d &lt;unknown&gt;
#5 0x55726915b2b6 &lt;unknown&gt;
#6 0x557269172072 &lt;unknown&gt;
#7 0x5572691d9ad8 &lt;unknown&gt;
#8 0x5572691c6743 &lt;unknown&gt;
#9 0x55726919c533 &lt;unknown&gt;
#10 0x55726919d715 &lt;unknown&gt;
#11 0x5572693c77bd &lt;unknown&gt;
#12 0x5572693cabf9 &lt;unknown&gt;
#13 0x5572693acf2e &lt;unknown&gt;
#14 0x5572693cb9b3 &lt;unknown&gt;
#15 0x5572693a0e4f &lt;unknown&gt;
#16 0x5572693eaea8 &lt;unknown&gt;
#17 0x5572693eb052 &lt;unknown&gt;
#18 0x55726940571f &lt;unknown&gt;
#19 0x7f5875980609 &lt;unknown&gt;
</status>
</test>
<test id="s1-t3" name="Input An Invalid Password" line="20">
<kw name="Input Text" library="SeleniumLibrary">
<arg>password</arg>
<arg>Abcde</arg>
<doc>Types the given ``text`` into the text field identified by ``locator``.</doc>
<msg timestamp="20221206 12:54:42.181" level="INFO">Typing text 'Abcde' into text field 'password'.</msg>
<msg timestamp="20221206 12:54:42.189" level="WARN">Keyword 'Capture Page Screenshot' could not be run on failure: Message: chrome not reachable
  (Session info: chrome=105.0.5195.125)
Stacktrace:
#0 0x557269377693 &lt;unknown&gt;
#1 0x5572691709db &lt;unknown&gt;
#2 0x557269160904 &lt;unknown&gt;
#3 0x557269151301 &lt;unknown&gt;
#4 0x55726915608d &lt;unknown&gt;
#5 0x55726915b2b6 &lt;unknown&gt;
#6 0x557269172072 &lt;unknown&gt;
#7 0x5572691d9ad8 &lt;unknown&gt;
#8 0x5572691c6743 &lt;unknown&gt;
#9 0x55726919c533 &lt;unknown&gt;
#10 0x55726919d715 &lt;unknown&gt;
#11 0x5572693c77bd &lt;unknown&gt;
#12 0x5572693cabf9 &lt;unknown&gt;
#13 0x5572693acf2e &lt;unknown&gt;
#14 0x5572693cb9b3 &lt;unknown&gt;
#15 0x5572693a0e4f &lt;unknown&gt;
#16 0x5572693eaea8 &lt;unknown&gt;
#17 0x5572693eb052 &lt;unknown&gt;
#18 0x55726940571f &lt;unknown&gt;
#19 0x7f5875980609 &lt;unknown&gt;
</msg>
<msg timestamp="20221206 12:54:42.189" level="FAIL">WebDriverException: Message: chrome not reachable
  (Session info: chrome=105.0.5195.125)
Stacktrace:
#0 0x557269377693 &lt;unknown&gt;
#1 0x5572691709db &lt;unknown&gt;
#2 0x557269160904 &lt;unknown&gt;
#3 0x557269151301 &lt;unknown&gt;
#4 0x55726915608d &lt;unknown&gt;
#5 0x55726915b2b6 &lt;unknown&gt;
#6 0x557269172072 &lt;unknown&gt;
#7 0x5572691d9ad8 &lt;unknown&gt;
#8 0x5572691c6743 &lt;unknown&gt;
#9 0x55726919c533 &lt;unknown&gt;
#10 0x55726919d715 &lt;unknown&gt;
#11 0x5572693c77bd &lt;unknown&gt;
#12 0x5572693cabf9 &lt;unknown&gt;
#13 0x5572693acf2e &lt;unknown&gt;
#14 0x5572693cb9b3 &lt;unknown&gt;
#15 0x5572693a0e4f &lt;unknown&gt;
#16 0x5572693eaea8 &lt;unknown&gt;
#17 0x5572693eb052 &lt;unknown&gt;
#18 0x55726940571f &lt;unknown&gt;
#19 0x7f5875980609 &lt;unknown&gt;
</msg>
<status status="FAIL" starttime="20221206 12:54:42.181" endtime="20221206 12:54:42.190"/>
</kw>
<kw name="Wait Until Page Contains Element" library="SeleniumLibrary">
<arg>invalid_password_msg</arg>
<arg>5</arg>
<doc>Waits until the element ``locator`` appears on the current page.</doc>
<status status="NOT RUN" starttime="20221206 12:54:42.190" endtime="20221206 12:54:42.190"/>
</kw>
<status status="FAIL" starttime="20221206 12:54:42.180" endtime="20221206 12:54:42.191">WebDriverException: Message: chrome not reachable
  (Session info: chrome=105.0.5195.125)
Stacktrace:
#0 0x557269377693 &lt;unknown&gt;
#1 0x5572691709db &lt;unknown&gt;
#2 0x557269160904 &lt;unknown&gt;
#3 0x557269151301 &lt;unknown&gt;
#4 0x55726915608d &lt;unknown&gt;
#5 0x55726915b2b6 &lt;unknown&gt;
#6 0x557269172072 &lt;unknown&gt;
#7 0x5572691d9ad8 &lt;unknown&gt;
#8 0x5572691c6743 &lt;unknown&gt;
#9 0x55726919c533 &lt;unknown&gt;
#10 0x55726919d715 &lt;unknown&gt;
#11 0x5572693c77bd &lt;unknown&gt;
#12 0x5572693cabf9 &lt;unknown&gt;
#13 0x5572693acf2e &lt;unknown&gt;
#14 0x5572693cb9b3 &lt;unknown&gt;
#15 0x5572693a0e4f &lt;unknown&gt;
#16 0x5572693eaea8 &lt;unknown&gt;
#17 0x5572693eb052 &lt;unknown&gt;
#18 0x55726940571f &lt;unknown&gt;
#19 0x7f5875980609 &lt;unknown&gt;
</status>
</test>
<status status="FAIL" starttime="20221206 12:53:19.980" endtime="20221206 12:54:42.193"/>
</suite>
<statistics>
<total>
<stat pass="0" fail="3" skip="0">All Tests</stat>
</total>
<tag>
</tag>
<suite>
<stat pass="0" fail="3" skip="0" id="s1" name="SU7">SU7</stat>
</suite>
</statistics>
<errors>
<msg timestamp="20221206 12:54:42.155" level="WARN">Keyword 'Capture Page Screenshot' could not be run on failure: Message: chrome not reachable
  (Session info: chrome=105.0.5195.125)
Stacktrace:
#0 0x557269377693 &lt;unknown&gt;
#1 0x5572691709db &lt;unknown&gt;
#2 0x557269160904 &lt;unknown&gt;
#3 0x557269151301 &lt;unknown&gt;
#4 0x55726915608d &lt;unknown&gt;
#5 0x55726915b2b6 &lt;unknown&gt;
#6 0x557269172072 &lt;unknown&gt;
#7 0x5572691d9ad8 &lt;unknown&gt;
#8 0x5572691c6743 &lt;unknown&gt;
#9 0x55726919c533 &lt;unknown&gt;
#10 0x55726919d715 &lt;unknown&gt;
#11 0x5572693c77bd &lt;unknown&gt;
#12 0x5572693cabf9 &lt;unknown&gt;
#13 0x5572693acf2e &lt;unknown&gt;
#14 0x5572693cb9b3 &lt;unknown&gt;
#15 0x5572693a0e4f &lt;unknown&gt;
#16 0x5572693eaea8 &lt;unknown&gt;
#17 0x5572693eb052 &lt;unknown&gt;
#18 0x55726940571f &lt;unknown&gt;
#19 0x7f5875980609 &lt;unknown&gt;
</msg>
<msg timestamp="20221206 12:54:42.176" level="WARN">Keyword 'Capture Page Screenshot' could not be run on failure: Message: chrome not reachable
  (Session info: chrome=105.0.5195.125)
Stacktrace:
#0 0x557269377693 &lt;unknown&gt;
#1 0x5572691709db &lt;unknown&gt;
#2 0x557269160904 &lt;unknown&gt;
#3 0x557269151301 &lt;unknown&gt;
#4 0x55726915608d &lt;unknown&gt;
#5 0x55726915b2b6 &lt;unknown&gt;
#6 0x557269172072 &lt;unknown&gt;
#7 0x5572691d9ad8 &lt;unknown&gt;
#8 0x5572691c6743 &lt;unknown&gt;
#9 0x55726919c533 &lt;unknown&gt;
#10 0x55726919d715 &lt;unknown&gt;
#11 0x5572693c77bd &lt;unknown&gt;
#12 0x5572693cabf9 &lt;unknown&gt;
#13 0x5572693acf2e &lt;unknown&gt;
#14 0x5572693cb9b3 &lt;unknown&gt;
#15 0x5572693a0e4f &lt;unknown&gt;
#16 0x5572693eaea8 &lt;unknown&gt;
#17 0x5572693eb052 &lt;unknown&gt;
#18 0x55726940571f &lt;unknown&gt;
#19 0x7f5875980609 &lt;unknown&gt;
</msg>
<msg timestamp="20221206 12:54:42.189" level="WARN">Keyword 'Capture Page Screenshot' could not be run on failure: Message: chrome not reachable
  (Session info: chrome=105.0.5195.125)
Stacktrace:
#0 0x557269377693 &lt;unknown&gt;
#1 0x5572691709db &lt;unknown&gt;
#2 0x557269160904 &lt;unknown&gt;
#3 0x557269151301 &lt;unknown&gt;
#4 0x55726915608d &lt;unknown&gt;
#5 0x55726915b2b6 &lt;unknown&gt;
#6 0x557269172072 &lt;unknown&gt;
#7 0x5572691d9ad8 &lt;unknown&gt;
#8 0x5572691c6743 &lt;unknown&gt;
#9 0x55726919c533 &lt;unknown&gt;
#10 0x55726919d715 &lt;unknown&gt;
#11 0x5572693c77bd &lt;unknown&gt;
#12 0x5572693cabf9 &lt;unknown&gt;
#13 0x5572693acf2e &lt;unknown&gt;
#14 0x5572693cb9b3 &lt;unknown&gt;
#15 0x5572693a0e4f &lt;unknown&gt;
#16 0x5572693eaea8 &lt;unknown&gt;
#17 0x5572693eb052 &lt;unknown&gt;
#18 0x55726940571f &lt;unknown&gt;
#19 0x7f5875980609 &lt;unknown&gt;
</msg>
</errors>
</robot>
